Determining if the pthread_create exist failed with the following output:
Change Dir: /home/abiyaz/cache-adaptive-vs-oblivious/merge-sort-STXXL/cmake-build-debug/CMakeFiles/CMakeTmp

Run Build Command(s):/usr/bin/make cmTC_cd048/fast 
/usr/bin/make -f CMakeFiles/cmTC_cd048.dir/build.make CMakeFiles/cmTC_cd048.dir/build
make[1]: Entering directory '/home/abiyaz/cache-adaptive-vs-oblivious/merge-sort-STXXL/cmake-build-debug/CMakeFiles/CMakeTmp'
Building C object CMakeFiles/cmTC_cd048.dir/CheckSymbolExists.c.o
/usr/bin/cc    -o CMakeFiles/cmTC_cd048.dir/CheckSymbolExists.c.o   -c /home/abiyaz/cache-adaptive-vs-oblivious/merge-sort-STXXL/cmake-build-debug/CMakeFiles/CMakeTmp/CheckSymbolExists.c
Linking C executable cmTC_cd048
/home/abiyaz/.local/share/JetBrains/Toolbox/apps/CLion/ch-0/191.7141.37/bin/cmake/linux/bin/cmake -E cmake_link_script CMakeFiles/cmTC_cd048.dir/link.txt --verbose=1
/usr/bin/cc      -rdynamic CMakeFiles/cmTC_cd048.dir/CheckSymbolExists.c.o  -o cmTC_cd048 
CMakeFiles/cmTC_cd048.dir/CheckSymbolExists.c.o: In function `main':
CheckSymbolExists.c:(.text+0x1b): undefined reference to `pthread_create'
collect2: error: ld returned 1 exit status
CMakeFiles/cmTC_cd048.dir/build.make:86: recipe for target 'cmTC_cd048' failed
make[1]: *** [cmTC_cd048] Error 1
make[1]: Leaving directory '/home/abiyaz/cache-adaptive-vs-oblivious/merge-sort-STXXL/cmake-build-debug/CMakeFiles/CMakeTmp'
Makefile:121: recipe for target 'cmTC_cd048/fast' failed
make: *** [cmTC_cd048/fast] Error 2

File /home/abiyaz/cache-adaptive-vs-oblivious/merge-sort-STXXL/cmake-build-debug/CMakeFiles/CMakeTmp/CheckSymbolExists.c:
/* */
#include <pthread.h>

int main(int argc, char** argv)
{
  (void)argv;
#ifndef pthread_create
  return ((int*)(&pthread_create))[argc];
#else
  (void)argc;
  return 0;
#endif
}

Determining if the function pthread_create exists in the pthreads failed with the following output:
Change Dir: /home/abiyaz/cache-adaptive-vs-oblivious/merge-sort-STXXL/cmake-build-debug/CMakeFiles/CMakeTmp

Run Build Command(s):/usr/bin/make cmTC_d83dc/fast 
/usr/bin/make -f CMakeFiles/cmTC_d83dc.dir/build.make CMakeFiles/cmTC_d83dc.dir/build
make[1]: Entering directory '/home/abiyaz/cache-adaptive-vs-oblivious/merge-sort-STXXL/cmake-build-debug/CMakeFiles/CMakeTmp'
Building C object CMakeFiles/cmTC_d83dc.dir/CheckFunctionExists.c.o
/usr/bin/cc   -DCHECK_FUNCTION_EXISTS=pthread_create   -o CMakeFiles/cmTC_d83dc.dir/CheckFunctionExists.c.o   -c /home/abiyaz/.local/share/JetBrains/Toolbox/apps/CLion/ch-0/191.7141.37/bin/cmake/linux/share/cmake-3.14/Modules/CheckFunctionExists.c
Linking C executable cmTC_d83dc
/home/abiyaz/.local/share/JetBrains/Toolbox/apps/CLion/ch-0/191.7141.37/bin/cmake/linux/bin/cmake -E cmake_link_script CMakeFiles/cmTC_d83dc.dir/link.txt --verbose=1
/usr/bin/cc  -DCHECK_FUNCTION_EXISTS=pthread_create    -rdynamic CMakeFiles/cmTC_d83dc.dir/CheckFunctionExists.c.o  -o cmTC_d83dc -lpthreads 
/usr/bin/ld: cannot find -lpthreads
collect2: error: ld returned 1 exit status
CMakeFiles/cmTC_d83dc.dir/build.make:86: recipe for target 'cmTC_d83dc' failed
make[1]: *** [cmTC_d83dc] Error 1
make[1]: Leaving directory '/home/abiyaz/cache-adaptive-vs-oblivious/merge-sort-STXXL/cmake-build-debug/CMakeFiles/CMakeTmp'
Makefile:121: recipe for target 'cmTC_d83dc/fast' failed
make: *** [cmTC_d83dc/fast] Error 2


