Determining if the pthread_create exist failed with the following output:
Change Dir: /home/abiyaz/cache-adaptive-vs-oblivious/merge-sort-STXXL/local/CMakeFiles/CMakeTmp

Run Build Command:"/usr/bin/make" "cmTC_6f101/fast"
/usr/bin/make -f CMakeFiles/cmTC_6f101.dir/build.make CMakeFiles/cmTC_6f101.dir/build
make[1]: Entering directory '/home/abiyaz/cache-adaptive-vs-oblivious/merge-sort-STXXL/local/CMakeFiles/CMakeTmp'
Building C object CMakeFiles/cmTC_6f101.dir/CheckSymbolExists.c.o
/usr/bin/cc    -o CMakeFiles/cmTC_6f101.dir/CheckSymbolExists.c.o   -c /home/abiyaz/cache-adaptive-vs-oblivious/merge-sort-STXXL/local/CMakeFiles/CMakeTmp/CheckSymbolExists.c
Linking C executable cmTC_6f101
/usr/bin/cmake -E cmake_link_script CMakeFiles/cmTC_6f101.dir/link.txt --verbose=1
/usr/bin/cc      -rdynamic CMakeFiles/cmTC_6f101.dir/CheckSymbolExists.c.o  -o cmTC_6f101 
CMakeFiles/cmTC_6f101.dir/CheckSymbolExists.c.o: In function `main':
CheckSymbolExists.c:(.text+0x1b): undefined reference to `pthread_create'
collect2: error: ld returned 1 exit status
CMakeFiles/cmTC_6f101.dir/build.make:97: recipe for target 'cmTC_6f101' failed
make[1]: *** [cmTC_6f101] Error 1
make[1]: Leaving directory '/home/abiyaz/cache-adaptive-vs-oblivious/merge-sort-STXXL/local/CMakeFiles/CMakeTmp'
Makefile:126: recipe for target 'cmTC_6f101/fast' failed
make: *** [cmTC_6f101/fast] Error 2

File /home/abiyaz/cache-adaptive-vs-oblivious/merge-sort-STXXL/local/CMakeFiles/CMakeTmp/CheckSymbolExists.c:
/* */
#include <pthread.h>

int main(int argc, char** argv)
{
  (void)argv;
#ifndef pthread_create
  return ((int*)(&pthread_create))[argc];
#else
  (void)argc;
  return 0;
#endif
}

Determining if the function pthread_create exists in the pthreads failed with the following output:
Change Dir: /home/abiyaz/cache-adaptive-vs-oblivious/merge-sort-STXXL/local/CMakeFiles/CMakeTmp

Run Build Command:"/usr/bin/make" "cmTC_70f34/fast"
/usr/bin/make -f CMakeFiles/cmTC_70f34.dir/build.make CMakeFiles/cmTC_70f34.dir/build
make[1]: Entering directory '/home/abiyaz/cache-adaptive-vs-oblivious/merge-sort-STXXL/local/CMakeFiles/CMakeTmp'
Building C object CMakeFiles/cmTC_70f34.dir/CheckFunctionExists.c.o
/usr/bin/cc   -DCHECK_FUNCTION_EXISTS=pthread_create   -o CMakeFiles/cmTC_70f34.dir/CheckFunctionExists.c.o   -c /usr/share/cmake-3.10/Modules/CheckFunctionExists.c
Linking C executable cmTC_70f34
/usr/bin/cmake -E cmake_link_script CMakeFiles/cmTC_70f34.dir/link.txt --verbose=1
/usr/bin/cc  -DCHECK_FUNCTION_EXISTS=pthread_create    -rdynamic CMakeFiles/cmTC_70f34.dir/CheckFunctionExists.c.o  -o cmTC_70f34 -lpthreads 
/usr/bin/ld: cannot find -lpthreads
collect2: error: ld returned 1 exit status
CMakeFiles/cmTC_70f34.dir/build.make:97: recipe for target 'cmTC_70f34' failed
make[1]: *** [cmTC_70f34] Error 1
make[1]: Leaving directory '/home/abiyaz/cache-adaptive-vs-oblivious/merge-sort-STXXL/local/CMakeFiles/CMakeTmp'
Makefile:126: recipe for target 'cmTC_70f34/fast' failed
make: *** [cmTC_70f34/fast] Error 2


