The system is: Linux - 3.11.0-13-generic - x86_64
Compiling the C compiler identification source file "CMakeCCompilerId.c" succeeded.
Compiler: /usr/bin/cc 
Build flags: 
Id flags: 

The output was:
0


Compilation of the C compiler identification source "CMakeCCompilerId.c" produced "a.out"

The C compiler identification is GNU, found in "/home/data_nfs/cache-oblivious-vs-adaptive/merge-sort-STXXL/build/CMakeFiles/2.8.11.2/CompilerIdC/a.out"

Compiling the CXX compiler identification source file "CMakeCXXCompilerId.cpp" succeeded.
Compiler: /usr/bin/c++ 
Build flags: 
Id flags: 

The output was:
0


Compilation of the CXX compiler identification source "CMakeCXXCompilerId.cpp" produced "a.out"

The CXX compiler identification is GNU, found in "/home/data_nfs/cache-oblivious-vs-adaptive/merge-sort-STXXL/build/CMakeFiles/2.8.11.2/CompilerIdCXX/a.out"

Determining if the C compiler works passed with the following output:
Change Dir: /home/data_nfs/cache-oblivious-vs-adaptive/merge-sort-STXXL/build/CMakeFiles/CMakeTmp

Run Build Command:/usr/bin/make "cmTryCompileExec3592220127/fast"
/usr/bin/make -f CMakeFiles/cmTryCompileExec3592220127.dir/build.make CMakeFiles/cmTryCompileExec3592220127.dir/build
make[1]: Entering directory `/home/data_nfs/cache-oblivious-vs-adaptive/merge-sort-STXXL/build/CMakeFiles/CMakeTmp'
/usr/bin/cmake -E cmake_progress_report /home/data_nfs/cache-oblivious-vs-adaptive/merge-sort-STXXL/build/CMakeFiles/CMakeTmp/CMakeFiles 1
Building C object CMakeFiles/cmTryCompileExec3592220127.dir/testCCompiler.c.o
/usr/bin/cc    -o CMakeFiles/cmTryCompileExec3592220127.dir/testCCompiler.c.o   -c /home/data_nfs/cache-oblivious-vs-adaptive/merge-sort-STXXL/build/CMakeFiles/CMakeTmp/testCCompiler.c
Linking C executable cmTryCompileExec3592220127
/usr/bin/cmake -E cmake_link_script CMakeFiles/cmTryCompileExec3592220127.dir/link.txt --verbose=1
/usr/bin/cc         CMakeFiles/cmTryCompileExec3592220127.dir/testCCompiler.c.o  -o cmTryCompileExec3592220127 -rdynamic 
make[1]: Leaving directory `/home/data_nfs/cache-oblivious-vs-adaptive/merge-sort-STXXL/build/CMakeFiles/CMakeTmp'


Detecting C compiler ABI info compiled with the following output:
Change Dir: /home/data_nfs/cache-oblivious-vs-adaptive/merge-sort-STXXL/build/CMakeFiles/CMakeTmp

Run Build Command:/usr/bin/make "cmTryCompileExec544889125/fast"
/usr/bin/make -f CMakeFiles/cmTryCompileExec544889125.dir/build.make CMakeFiles/cmTryCompileExec544889125.dir/build
make[1]: Entering directory `/home/data_nfs/cache-oblivious-vs-adaptive/merge-sort-STXXL/build/CMakeFiles/CMakeTmp'
/usr/bin/cmake -E cmake_progress_report /home/data_nfs/cache-oblivious-vs-adaptive/merge-sort-STXXL/build/CMakeFiles/CMakeTmp/CMakeFiles 1
Building C object CMakeFiles/cmTryCompileExec544889125.dir/CMakeCCompilerABI.c.o
/usr/bin/cc    -o CMakeFiles/cmTryCompileExec544889125.dir/CMakeCCompilerABI.c.o   -c /usr/share/cmake-2.8/Modules/CMakeCCompilerABI.c
Linking C executable cmTryCompileExec544889125
/usr/bin/cmake -E cmake_link_script CMakeFiles/cmTryCompileExec544889125.dir/link.txt --verbose=1
/usr/bin/cc       -v CMakeFiles/cmTryCompileExec544889125.dir/CMakeCCompilerABI.c.o  -o cmTryCompileExec544889125 -rdynamic  
Using built-in specs.
COLLECT_GCC=/usr/bin/cc
COLLECT_LTO_WRAPPER=/usr/lib/gcc/x86_64-linux-gnu/4.8/lto-wrapper
Target: x86_64-linux-gnu
Configured with: ../src/configure -v --with-pkgversion='Ubuntu/Linaro 4.8.1-10ubuntu9' --with-bugurl=file:///usr/share/doc/gcc-4.8/README.Bugs --enable-languages=c,c++,java,go,d,fortran,objc,obj-c++ --prefix=/usr --program-suffix=-4.8 --enable-shared --enable-linker-build-id --libexecdir=/usr/lib --without-included-gettext --enable-threads=posix --with-gxx-include-dir=/usr/include/c++/4.8 --libdir=/usr/lib --enable-nls --with-sysroot=/ --enable-clocale=gnu --enable-libstdcxx-debug --enable-libstdcxx-time=yes --enable-gnu-unique-object --enable-plugin --with-system-zlib --disable-browser-plugin --enable-java-awt=gtk --enable-gtk-cairo --with-java-home=/usr/lib/jvm/java-1.5.0-gcj-4.8-amd64/jre --enable-java-home --with-jvm-root-dir=/usr/lib/jvm/java-1.5.0-gcj-4.8-amd64 --with-jvm-jar-dir=/usr/lib/jvm-exports/java-1.5.0-gcj-4.8-amd64 --with-arch-directory=amd64 --with-ecj-jar=/usr/share/java/eclipse-ecj.jar --enable-objc-gc --enable-multiarch --disable-werror --with-arch-32=i686 --with-abi=m64 --with-multilib-list=m32,m64,mx32 --with-tune=generic --enable-checking=release --build=x86_64-linux-gnu --host=x86_64-linux-gnu --target=x86_64-linux-gnu
Thread model: posix
gcc version 4.8.1 (Ubuntu/Linaro 4.8.1-10ubuntu9) 
COMPILER_PATH=/usr/lib/gcc/x86_64-linux-gnu/4.8/:/usr/lib/gcc/x86_64-linux-gnu/4.8/:/usr/lib/gcc/x86_64-linux-gnu/:/usr/lib/gcc/x86_64-linux-gnu/4.8/:/usr/lib/gcc/x86_64-linux-gnu/
LIBRARY_PATH=/usr/lib/gcc/x86_64-linux-gnu/4.8/:/usr/lib/gcc/x86_64-linux-gnu/4.8/../../../x86_64-linux-gnu/:/usr/lib/gcc/x86_64-linux-gnu/4.8/../../../../lib/:/lib/x86_64-linux-gnu/:/lib/../lib/:/usr/lib/x86_64-linux-gnu/:/usr/lib/../lib/:/usr/lib/gcc/x86_64-linux-gnu/4.8/../../../:/lib/:/usr/lib/
COLLECT_GCC_OPTIONS='-v' '-o' 'cmTryCompileExec544889125' '-rdynamic' '-mtune=generic' '-march=x86-64'
 /usr/lib/gcc/x86_64-linux-gnu/4.8/collect2 --sysroot=/ --build-id --eh-frame-hdr -m elf_x86_64 --hash-style=gnu --as-needed -export-dynamic -dynamic-linker /lib64/ld-linux-x86-64.so.2 -z relro -o cmTryCompileExec544889125 /usr/lib/gcc/x86_64-linux-gnu/4.8/../../../x86_64-linux-gnu/crt1.o /usr/lib/gcc/x86_64-linux-gnu/4.8/../../../x86_64-linux-gnu/crti.o /usr/lib/gcc/x86_64-linux-gnu/4.8/crtbegin.o -L/usr/lib/gcc/x86_64-linux-gnu/4.8 -L/usr/lib/gcc/x86_64-linux-gnu/4.8/../../../x86_64-linux-gnu -L/usr/lib/gcc/x86_64-linux-gnu/4.8/../../../../lib -L/lib/x86_64-linux-gnu -L/lib/../lib -L/usr/lib/x86_64-linux-gnu -L/usr/lib/../lib -L/usr/lib/gcc/x86_64-linux-gnu/4.8/../../.. CMakeFiles/cmTryCompileExec544889125.dir/CMakeCCompilerABI.c.o -lgcc --as-needed -lgcc_s --no-as-needed -lc -lgcc --as-needed -lgcc_s --no-as-needed /usr/lib/gcc/x86_64-linux-gnu/4.8/crtend.o /usr/lib/gcc/x86_64-linux-gnu/4.8/../../../x86_64-linux-gnu/crtn.o
make[1]: Leaving directory `/home/data_nfs/cache-oblivious-vs-adaptive/merge-sort-STXXL/build/CMakeFiles/CMakeTmp'


Parsed C implicit link information from above output:
  link line regex: [^( *|.*[/\])(ld|ld|collect2)[^/\]*( |$)]
  ignore line: [Change Dir: /home/data_nfs/cache-oblivious-vs-adaptive/merge-sort-STXXL/build/CMakeFiles/CMakeTmp]
  ignore line: []
  ignore line: [Run Build Command:/usr/bin/make "cmTryCompileExec544889125/fast"]
  ignore line: [/usr/bin/make -f CMakeFiles/cmTryCompileExec544889125.dir/build.make CMakeFiles/cmTryCompileExec544889125.dir/build]
  ignore line: [make[1]: Entering directory `/home/data_nfs/cache-oblivious-vs-adaptive/merge-sort-STXXL/build/CMakeFiles/CMakeTmp']
  ignore line: [/usr/bin/cmake -E cmake_progress_report /home/data_nfs/cache-oblivious-vs-adaptive/merge-sort-STXXL/build/CMakeFiles/CMakeTmp/CMakeFiles 1]
  ignore line: [Building C object CMakeFiles/cmTryCompileExec544889125.dir/CMakeCCompilerABI.c.o]
  ignore line: [/usr/bin/cc    -o CMakeFiles/cmTryCompileExec544889125.dir/CMakeCCompilerABI.c.o   -c /usr/share/cmake-2.8/Modules/CMakeCCompilerABI.c]
  ignore line: [Linking C executable cmTryCompileExec544889125]
  ignore line: [/usr/bin/cmake -E cmake_link_script CMakeFiles/cmTryCompileExec544889125.dir/link.txt --verbose=1]
  ignore line: [/usr/bin/cc       -v CMakeFiles/cmTryCompileExec544889125.dir/CMakeCCompilerABI.c.o  -o cmTryCompileExec544889125 -rdynamic  ]
  ignore line: [Using built-in specs.]
  ignore line: [COLLECT_GCC=/usr/bin/cc]
  ignore line: [COLLECT_LTO_WRAPPER=/usr/lib/gcc/x86_64-linux-gnu/4.8/lto-wrapper]
  ignore line: [Target: x86_64-linux-gnu]
  ignore line: [Configured with: ../src/configure -v --with-pkgversion='Ubuntu/Linaro 4.8.1-10ubuntu9' --with-bugurl=file:///usr/share/doc/gcc-4.8/README.Bugs --enable-languages=c,c++,java,go,d,fortran,objc,obj-c++ --prefix=/usr --program-suffix=-4.8 --enable-shared --enable-linker-build-id --libexecdir=/usr/lib --without-included-gettext --enable-threads=posix --with-gxx-include-dir=/usr/include/c++/4.8 --libdir=/usr/lib --enable-nls --with-sysroot=/ --enable-clocale=gnu --enable-libstdcxx-debug --enable-libstdcxx-time=yes --enable-gnu-unique-object --enable-plugin --with-system-zlib --disable-browser-plugin --enable-java-awt=gtk --enable-gtk-cairo --with-java-home=/usr/lib/jvm/java-1.5.0-gcj-4.8-amd64/jre --enable-java-home --with-jvm-root-dir=/usr/lib/jvm/java-1.5.0-gcj-4.8-amd64 --with-jvm-jar-dir=/usr/lib/jvm-exports/java-1.5.0-gcj-4.8-amd64 --with-arch-directory=amd64 --with-ecj-jar=/usr/share/java/eclipse-ecj.jar --enable-objc-gc --enable-multiarch --disable-werror --with-arch-32=i686 --with-abi=m64 --with-multilib-list=m32,m64,mx32 --with-tune=generic --enable-checking=release --build=x86_64-linux-gnu --host=x86_64-linux-gnu --target=x86_64-linux-gnu]
  ignore line: [Thread model: posix]
  ignore line: [gcc version 4.8.1 (Ubuntu/Linaro 4.8.1-10ubuntu9) ]
  ignore line: [COMPILER_PATH=/usr/lib/gcc/x86_64-linux-gnu/4.8/:/usr/lib/gcc/x86_64-linux-gnu/4.8/:/usr/lib/gcc/x86_64-linux-gnu/:/usr/lib/gcc/x86_64-linux-gnu/4.8/:/usr/lib/gcc/x86_64-linux-gnu/]
  ignore line: [LIBRARY_PATH=/usr/lib/gcc/x86_64-linux-gnu/4.8/:/usr/lib/gcc/x86_64-linux-gnu/4.8/../../../x86_64-linux-gnu/:/usr/lib/gcc/x86_64-linux-gnu/4.8/../../../../lib/:/lib/x86_64-linux-gnu/:/lib/../lib/:/usr/lib/x86_64-linux-gnu/:/usr/lib/../lib/:/usr/lib/gcc/x86_64-linux-gnu/4.8/../../../:/lib/:/usr/lib/]
  ignore line: [COLLECT_GCC_OPTIONS='-v' '-o' 'cmTryCompileExec544889125' '-rdynamic' '-mtune=generic' '-march=x86-64']
  link line: [ /usr/lib/gcc/x86_64-linux-gnu/4.8/collect2 --sysroot=/ --build-id --eh-frame-hdr -m elf_x86_64 --hash-style=gnu --as-needed -export-dynamic -dynamic-linker /lib64/ld-linux-x86-64.so.2 -z relro -o cmTryCompileExec544889125 /usr/lib/gcc/x86_64-linux-gnu/4.8/../../../x86_64-linux-gnu/crt1.o /usr/lib/gcc/x86_64-linux-gnu/4.8/../../../x86_64-linux-gnu/crti.o /usr/lib/gcc/x86_64-linux-gnu/4.8/crtbegin.o -L/usr/lib/gcc/x86_64-linux-gnu/4.8 -L/usr/lib/gcc/x86_64-linux-gnu/4.8/../../../x86_64-linux-gnu -L/usr/lib/gcc/x86_64-linux-gnu/4.8/../../../../lib -L/lib/x86_64-linux-gnu -L/lib/../lib -L/usr/lib/x86_64-linux-gnu -L/usr/lib/../lib -L/usr/lib/gcc/x86_64-linux-gnu/4.8/../../.. CMakeFiles/cmTryCompileExec544889125.dir/CMakeCCompilerABI.c.o -lgcc --as-needed -lgcc_s --no-as-needed -lc -lgcc --as-needed -lgcc_s --no-as-needed /usr/lib/gcc/x86_64-linux-gnu/4.8/crtend.o /usr/lib/gcc/x86_64-linux-gnu/4.8/../../../x86_64-linux-gnu/crtn.o]
    arg [/usr/lib/gcc/x86_64-linux-gnu/4.8/collect2] ==> ignore
    arg [--sysroot=/] ==> ignore
    arg [--build-id] ==> ignore
    arg [--eh-frame-hdr] ==> ignore
    arg [-m] ==> ignore
    arg [elf_x86_64] ==> ignore
    arg [--hash-style=gnu] ==> ignore
    arg [--as-needed] ==> ignore
    arg [-export-dynamic] ==> ignore
    arg [-dynamic-linker] ==> ignore
    arg [/lib64/ld-linux-x86-64.so.2] ==> ignore
    arg [-zrelro] ==> ignore
    arg [-o] ==> ignore
    arg [cmTryCompileExec544889125] ==> ignore
    arg [/usr/lib/gcc/x86_64-linux-gnu/4.8/../../../x86_64-linux-gnu/crt1.o] ==> ignore
    arg [/usr/lib/gcc/x86_64-linux-gnu/4.8/../../../x86_64-linux-gnu/crti.o] ==> ignore
    arg [/usr/lib/gcc/x86_64-linux-gnu/4.8/crtbegin.o] ==> ignore
    arg [-L/usr/lib/gcc/x86_64-linux-gnu/4.8] ==> dir [/usr/lib/gcc/x86_64-linux-gnu/4.8]
    arg [-L/usr/lib/gcc/x86_64-linux-gnu/4.8/../../../x86_64-linux-gnu] ==> dir [/usr/lib/gcc/x86_64-linux-gnu/4.8/../../../x86_64-linux-gnu]
    arg [-L/usr/lib/gcc/x86_64-linux-gnu/4.8/../../../../lib] ==> dir [/usr/lib/gcc/x86_64-linux-gnu/4.8/../../../../lib]
    arg [-L/lib/x86_64-linux-gnu] ==> dir [/lib/x86_64-linux-gnu]
    arg [-L/lib/../lib] ==> dir [/lib/../lib]
    arg [-L/usr/lib/x86_64-linux-gnu] ==> dir [/usr/lib/x86_64-linux-gnu]
    arg [-L/usr/lib/../lib] ==> dir [/usr/lib/../lib]
    arg [-L/usr/lib/gcc/x86_64-linux-gnu/4.8/../../..] ==> dir [/usr/lib/gcc/x86_64-linux-gnu/4.8/../../..]
    arg [CMakeFiles/cmTryCompileExec544889125.dir/CMakeCCompilerABI.c.o] ==> ignore
    arg [-lgcc] ==> lib [gcc]
    arg [--as-needed] ==> ignore
    arg [-lgcc_s] ==> lib [gcc_s]
    arg [--no-as-needed] ==> ignore
    arg [-lc] ==> lib [c]
    arg [-lgcc] ==> lib [gcc]
    arg [--as-needed] ==> ignore
    arg [-lgcc_s] ==> lib [gcc_s]
    arg [--no-as-needed] ==> ignore
    arg [/usr/lib/gcc/x86_64-linux-gnu/4.8/crtend.o] ==> ignore
    arg [/usr/lib/gcc/x86_64-linux-gnu/4.8/../../../x86_64-linux-gnu/crtn.o] ==> ignore
  remove lib [gcc]
  remove lib [gcc_s]
  remove lib [gcc]
  remove lib [gcc_s]
  collapse library dir [/usr/lib/gcc/x86_64-linux-gnu/4.8] ==> [/usr/lib/gcc/x86_64-linux-gnu/4.8]
  collapse library dir [/usr/lib/gcc/x86_64-linux-gnu/4.8/../../../x86_64-linux-gnu] ==> [/usr/lib/x86_64-linux-gnu]
  collapse library dir [/usr/lib/gcc/x86_64-linux-gnu/4.8/../../../../lib] ==> [/usr/lib]
  collapse library dir [/lib/x86_64-linux-gnu] ==> [/lib/x86_64-linux-gnu]
  collapse library dir [/lib/../lib] ==> [/lib]
  collapse library dir [/usr/lib/x86_64-linux-gnu] ==> [/usr/lib/x86_64-linux-gnu]
  collapse library dir [/usr/lib/../lib] ==> [/usr/lib]
  collapse library dir [/usr/lib/gcc/x86_64-linux-gnu/4.8/../../..] ==> [/usr/lib]
  implicit libs: [c]
  implicit dirs: [/usr/lib/gcc/x86_64-linux-gnu/4.8;/usr/lib/x86_64-linux-gnu;/usr/lib;/lib/x86_64-linux-gnu;/lib]
  implicit fwks: []


Determining if the CXX compiler works passed with the following output:
Change Dir: /home/data_nfs/cache-oblivious-vs-adaptive/merge-sort-STXXL/build/CMakeFiles/CMakeTmp

Run Build Command:/usr/bin/make "cmTryCompileExec1750184434/fast"
/usr/bin/make -f CMakeFiles/cmTryCompileExec1750184434.dir/build.make CMakeFiles/cmTryCompileExec1750184434.dir/build
make[1]: Entering directory `/home/data_nfs/cache-oblivious-vs-adaptive/merge-sort-STXXL/build/CMakeFiles/CMakeTmp'
/usr/bin/cmake -E cmake_progress_report /home/data_nfs/cache-oblivious-vs-adaptive/merge-sort-STXXL/build/CMakeFiles/CMakeTmp/CMakeFiles 1
Building CXX object CMakeFiles/cmTryCompileExec1750184434.dir/testCXXCompiler.cxx.o
/usr/bin/c++     -o CMakeFiles/cmTryCompileExec1750184434.dir/testCXXCompiler.cxx.o -c /home/data_nfs/cache-oblivious-vs-adaptive/merge-sort-STXXL/build/CMakeFiles/CMakeTmp/testCXXCompiler.cxx
Linking CXX executable cmTryCompileExec1750184434
/usr/bin/cmake -E cmake_link_script CMakeFiles/cmTryCompileExec1750184434.dir/link.txt --verbose=1
/usr/bin/c++          CMakeFiles/cmTryCompileExec1750184434.dir/testCXXCompiler.cxx.o  -o cmTryCompileExec1750184434 -rdynamic 
make[1]: Leaving directory `/home/data_nfs/cache-oblivious-vs-adaptive/merge-sort-STXXL/build/CMakeFiles/CMakeTmp'


Detecting CXX compiler ABI info compiled with the following output:
Change Dir: /home/data_nfs/cache-oblivious-vs-adaptive/merge-sort-STXXL/build/CMakeFiles/CMakeTmp

Run Build Command:/usr/bin/make "cmTryCompileExec1570820805/fast"
/usr/bin/make -f CMakeFiles/cmTryCompileExec1570820805.dir/build.make CMakeFiles/cmTryCompileExec1570820805.dir/build
make[1]: Entering directory `/home/data_nfs/cache-oblivious-vs-adaptive/merge-sort-STXXL/build/CMakeFiles/CMakeTmp'
/usr/bin/cmake -E cmake_progress_report /home/data_nfs/cache-oblivious-vs-adaptive/merge-sort-STXXL/build/CMakeFiles/CMakeTmp/CMakeFiles 1
Building CXX object CMakeFiles/cmTryCompileExec1570820805.dir/CMakeCXXCompilerABI.cpp.o
/usr/bin/c++     -o CMakeFiles/cmTryCompileExec1570820805.dir/CMakeCXXCompilerABI.cpp.o -c /usr/share/cmake-2.8/Modules/CMakeCXXCompilerABI.cpp
Linking CXX executable cmTryCompileExec1570820805
/usr/bin/cmake -E cmake_link_script CMakeFiles/cmTryCompileExec1570820805.dir/link.txt --verbose=1
/usr/bin/c++        -v CMakeFiles/cmTryCompileExec1570820805.dir/CMakeCXXCompilerABI.cpp.o  -o cmTryCompileExec1570820805 -rdynamic  
Using built-in specs.
COLLECT_GCC=/usr/bin/c++
COLLECT_LTO_WRAPPER=/usr/lib/gcc/x86_64-linux-gnu/4.8/lto-wrapper
Target: x86_64-linux-gnu
Configured with: ../src/configure -v --with-pkgversion='Ubuntu/Linaro 4.8.1-10ubuntu9' --with-bugurl=file:///usr/share/doc/gcc-4.8/README.Bugs --enable-languages=c,c++,java,go,d,fortran,objc,obj-c++ --prefix=/usr --program-suffix=-4.8 --enable-shared --enable-linker-build-id --libexecdir=/usr/lib --without-included-gettext --enable-threads=posix --with-gxx-include-dir=/usr/include/c++/4.8 --libdir=/usr/lib --enable-nls --with-sysroot=/ --enable-clocale=gnu --enable-libstdcxx-debug --enable-libstdcxx-time=yes --enable-gnu-unique-object --enable-plugin --with-system-zlib --disable-browser-plugin --enable-java-awt=gtk --enable-gtk-cairo --with-java-home=/usr/lib/jvm/java-1.5.0-gcj-4.8-amd64/jre --enable-java-home --with-jvm-root-dir=/usr/lib/jvm/java-1.5.0-gcj-4.8-amd64 --with-jvm-jar-dir=/usr/lib/jvm-exports/java-1.5.0-gcj-4.8-amd64 --with-arch-directory=amd64 --with-ecj-jar=/usr/share/java/eclipse-ecj.jar --enable-objc-gc --enable-multiarch --disable-werror --with-arch-32=i686 --with-abi=m64 --with-multilib-list=m32,m64,mx32 --with-tune=generic --enable-checking=release --build=x86_64-linux-gnu --host=x86_64-linux-gnu --target=x86_64-linux-gnu
Thread model: posix
gcc version 4.8.1 (Ubuntu/Linaro 4.8.1-10ubuntu9) 
COMPILER_PATH=/usr/lib/gcc/x86_64-linux-gnu/4.8/:/usr/lib/gcc/x86_64-linux-gnu/4.8/:/usr/lib/gcc/x86_64-linux-gnu/:/usr/lib/gcc/x86_64-linux-gnu/4.8/:/usr/lib/gcc/x86_64-linux-gnu/
LIBRARY_PATH=/usr/lib/gcc/x86_64-linux-gnu/4.8/:/usr/lib/gcc/x86_64-linux-gnu/4.8/../../../x86_64-linux-gnu/:/usr/lib/gcc/x86_64-linux-gnu/4.8/../../../../lib/:/lib/x86_64-linux-gnu/:/lib/../lib/:/usr/lib/x86_64-linux-gnu/:/usr/lib/../lib/:/usr/lib/gcc/x86_64-linux-gnu/4.8/../../../:/lib/:/usr/lib/
COLLECT_GCC_OPTIONS='-v' '-o' 'cmTryCompileExec1570820805' '-rdynamic' '-shared-libgcc' '-mtune=generic' '-march=x86-64'
 /usr/lib/gcc/x86_64-linux-gnu/4.8/collect2 --sysroot=/ --build-id --eh-frame-hdr -m elf_x86_64 --hash-style=gnu --as-needed -export-dynamic -dynamic-linker /lib64/ld-linux-x86-64.so.2 -z relro -o cmTryCompileExec1570820805 /usr/lib/gcc/x86_64-linux-gnu/4.8/../../../x86_64-linux-gnu/crt1.o /usr/lib/gcc/x86_64-linux-gnu/4.8/../../../x86_64-linux-gnu/crti.o /usr/lib/gcc/x86_64-linux-gnu/4.8/crtbegin.o -L/usr/lib/gcc/x86_64-linux-gnu/4.8 -L/usr/lib/gcc/x86_64-linux-gnu/4.8/../../../x86_64-linux-gnu -L/usr/lib/gcc/x86_64-linux-gnu/4.8/../../../../lib -L/lib/x86_64-linux-gnu -L/lib/../lib -L/usr/lib/x86_64-linux-gnu -L/usr/lib/../lib -L/usr/lib/gcc/x86_64-linux-gnu/4.8/../../.. CMakeFiles/cmTryCompileExec1570820805.dir/CMakeCXXCompilerABI.cpp.o -lstdc++ -lm -lgcc_s -lgcc -lc -lgcc_s -lgcc /usr/lib/gcc/x86_64-linux-gnu/4.8/crtend.o /usr/lib/gcc/x86_64-linux-gnu/4.8/../../../x86_64-linux-gnu/crtn.o
make[1]: Leaving directory `/home/data_nfs/cache-oblivious-vs-adaptive/merge-sort-STXXL/build/CMakeFiles/CMakeTmp'


Parsed CXX implicit link information from above output:
  link line regex: [^( *|.*[/\])(ld|ld|collect2)[^/\]*( |$)]
  ignore line: [Change Dir: /home/data_nfs/cache-oblivious-vs-adaptive/merge-sort-STXXL/build/CMakeFiles/CMakeTmp]
  ignore line: []
  ignore line: [Run Build Command:/usr/bin/make "cmTryCompileExec1570820805/fast"]
  ignore line: [/usr/bin/make -f CMakeFiles/cmTryCompileExec1570820805.dir/build.make CMakeFiles/cmTryCompileExec1570820805.dir/build]
  ignore line: [make[1]: Entering directory `/home/data_nfs/cache-oblivious-vs-adaptive/merge-sort-STXXL/build/CMakeFiles/CMakeTmp']
  ignore line: [/usr/bin/cmake -E cmake_progress_report /home/data_nfs/cache-oblivious-vs-adaptive/merge-sort-STXXL/build/CMakeFiles/CMakeTmp/CMakeFiles 1]
  ignore line: [Building CXX object CMakeFiles/cmTryCompileExec1570820805.dir/CMakeCXXCompilerABI.cpp.o]
  ignore line: [/usr/bin/c++     -o CMakeFiles/cmTryCompileExec1570820805.dir/CMakeCXXCompilerABI.cpp.o -c /usr/share/cmake-2.8/Modules/CMakeCXXCompilerABI.cpp]
  ignore line: [Linking CXX executable cmTryCompileExec1570820805]
  ignore line: [/usr/bin/cmake -E cmake_link_script CMakeFiles/cmTryCompileExec1570820805.dir/link.txt --verbose=1]
  ignore line: [/usr/bin/c++        -v CMakeFiles/cmTryCompileExec1570820805.dir/CMakeCXXCompilerABI.cpp.o  -o cmTryCompileExec1570820805 -rdynamic  ]
  ignore line: [Using built-in specs.]
  ignore line: [COLLECT_GCC=/usr/bin/c++]
  ignore line: [COLLECT_LTO_WRAPPER=/usr/lib/gcc/x86_64-linux-gnu/4.8/lto-wrapper]
  ignore line: [Target: x86_64-linux-gnu]
  ignore line: [Configured with: ../src/configure -v --with-pkgversion='Ubuntu/Linaro 4.8.1-10ubuntu9' --with-bugurl=file:///usr/share/doc/gcc-4.8/README.Bugs --enable-languages=c,c++,java,go,d,fortran,objc,obj-c++ --prefix=/usr --program-suffix=-4.8 --enable-shared --enable-linker-build-id --libexecdir=/usr/lib --without-included-gettext --enable-threads=posix --with-gxx-include-dir=/usr/include/c++/4.8 --libdir=/usr/lib --enable-nls --with-sysroot=/ --enable-clocale=gnu --enable-libstdcxx-debug --enable-libstdcxx-time=yes --enable-gnu-unique-object --enable-plugin --with-system-zlib --disable-browser-plugin --enable-java-awt=gtk --enable-gtk-cairo --with-java-home=/usr/lib/jvm/java-1.5.0-gcj-4.8-amd64/jre --enable-java-home --with-jvm-root-dir=/usr/lib/jvm/java-1.5.0-gcj-4.8-amd64 --with-jvm-jar-dir=/usr/lib/jvm-exports/java-1.5.0-gcj-4.8-amd64 --with-arch-directory=amd64 --with-ecj-jar=/usr/share/java/eclipse-ecj.jar --enable-objc-gc --enable-multiarch --disable-werror --with-arch-32=i686 --with-abi=m64 --with-multilib-list=m32,m64,mx32 --with-tune=generic --enable-checking=release --build=x86_64-linux-gnu --host=x86_64-linux-gnu --target=x86_64-linux-gnu]
  ignore line: [Thread model: posix]
  ignore line: [gcc version 4.8.1 (Ubuntu/Linaro 4.8.1-10ubuntu9) ]
  ignore line: [COMPILER_PATH=/usr/lib/gcc/x86_64-linux-gnu/4.8/:/usr/lib/gcc/x86_64-linux-gnu/4.8/:/usr/lib/gcc/x86_64-linux-gnu/:/usr/lib/gcc/x86_64-linux-gnu/4.8/:/usr/lib/gcc/x86_64-linux-gnu/]
  ignore line: [LIBRARY_PATH=/usr/lib/gcc/x86_64-linux-gnu/4.8/:/usr/lib/gcc/x86_64-linux-gnu/4.8/../../../x86_64-linux-gnu/:/usr/lib/gcc/x86_64-linux-gnu/4.8/../../../../lib/:/lib/x86_64-linux-gnu/:/lib/../lib/:/usr/lib/x86_64-linux-gnu/:/usr/lib/../lib/:/usr/lib/gcc/x86_64-linux-gnu/4.8/../../../:/lib/:/usr/lib/]
  ignore line: [COLLECT_GCC_OPTIONS='-v' '-o' 'cmTryCompileExec1570820805' '-rdynamic' '-shared-libgcc' '-mtune=generic' '-march=x86-64']
  link line: [ /usr/lib/gcc/x86_64-linux-gnu/4.8/collect2 --sysroot=/ --build-id --eh-frame-hdr -m elf_x86_64 --hash-style=gnu --as-needed -export-dynamic -dynamic-linker /lib64/ld-linux-x86-64.so.2 -z relro -o cmTryCompileExec1570820805 /usr/lib/gcc/x86_64-linux-gnu/4.8/../../../x86_64-linux-gnu/crt1.o /usr/lib/gcc/x86_64-linux-gnu/4.8/../../../x86_64-linux-gnu/crti.o /usr/lib/gcc/x86_64-linux-gnu/4.8/crtbegin.o -L/usr/lib/gcc/x86_64-linux-gnu/4.8 -L/usr/lib/gcc/x86_64-linux-gnu/4.8/../../../x86_64-linux-gnu -L/usr/lib/gcc/x86_64-linux-gnu/4.8/../../../../lib -L/lib/x86_64-linux-gnu -L/lib/../lib -L/usr/lib/x86_64-linux-gnu -L/usr/lib/../lib -L/usr/lib/gcc/x86_64-linux-gnu/4.8/../../.. CMakeFiles/cmTryCompileExec1570820805.dir/CMakeCXXCompilerABI.cpp.o -lstdc++ -lm -lgcc_s -lgcc -lc -lgcc_s -lgcc /usr/lib/gcc/x86_64-linux-gnu/4.8/crtend.o /usr/lib/gcc/x86_64-linux-gnu/4.8/../../../x86_64-linux-gnu/crtn.o]
    arg [/usr/lib/gcc/x86_64-linux-gnu/4.8/collect2] ==> ignore
    arg [--sysroot=/] ==> ignore
    arg [--build-id] ==> ignore
    arg [--eh-frame-hdr] ==> ignore
    arg [-m] ==> ignore
    arg [elf_x86_64] ==> ignore
    arg [--hash-style=gnu] ==> ignore
    arg [--as-needed] ==> ignore
    arg [-export-dynamic] ==> ignore
    arg [-dynamic-linker] ==> ignore
    arg [/lib64/ld-linux-x86-64.so.2] ==> ignore
    arg [-zrelro] ==> ignore
    arg [-o] ==> ignore
    arg [cmTryCompileExec1570820805] ==> ignore
    arg [/usr/lib/gcc/x86_64-linux-gnu/4.8/../../../x86_64-linux-gnu/crt1.o] ==> ignore
    arg [/usr/lib/gcc/x86_64-linux-gnu/4.8/../../../x86_64-linux-gnu/crti.o] ==> ignore
    arg [/usr/lib/gcc/x86_64-linux-gnu/4.8/crtbegin.o] ==> ignore
    arg [-L/usr/lib/gcc/x86_64-linux-gnu/4.8] ==> dir [/usr/lib/gcc/x86_64-linux-gnu/4.8]
    arg [-L/usr/lib/gcc/x86_64-linux-gnu/4.8/../../../x86_64-linux-gnu] ==> dir [/usr/lib/gcc/x86_64-linux-gnu/4.8/../../../x86_64-linux-gnu]
    arg [-L/usr/lib/gcc/x86_64-linux-gnu/4.8/../../../../lib] ==> dir [/usr/lib/gcc/x86_64-linux-gnu/4.8/../../../../lib]
    arg [-L/lib/x86_64-linux-gnu] ==> dir [/lib/x86_64-linux-gnu]
    arg [-L/lib/../lib] ==> dir [/lib/../lib]
    arg [-L/usr/lib/x86_64-linux-gnu] ==> dir [/usr/lib/x86_64-linux-gnu]
    arg [-L/usr/lib/../lib] ==> dir [/usr/lib/../lib]
    arg [-L/usr/lib/gcc/x86_64-linux-gnu/4.8/../../..] ==> dir [/usr/lib/gcc/x86_64-linux-gnu/4.8/../../..]
    arg [CMakeFiles/cmTryCompileExec1570820805.dir/CMakeCXXCompilerABI.cpp.o] ==> ignore
    arg [-lstdc++] ==> lib [stdc++]
    arg [-lm] ==> lib [m]
    arg [-lgcc_s] ==> lib [gcc_s]
    arg [-lgcc] ==> lib [gcc]
    arg [-lc] ==> lib [c]
    arg [-lgcc_s] ==> lib [gcc_s]
    arg [-lgcc] ==> lib [gcc]
    arg [/usr/lib/gcc/x86_64-linux-gnu/4.8/crtend.o] ==> ignore
    arg [/usr/lib/gcc/x86_64-linux-gnu/4.8/../../../x86_64-linux-gnu/crtn.o] ==> ignore
  remove lib [gcc_s]
  remove lib [gcc]
  remove lib [gcc_s]
  remove lib [gcc]
  collapse library dir [/usr/lib/gcc/x86_64-linux-gnu/4.8] ==> [/usr/lib/gcc/x86_64-linux-gnu/4.8]
  collapse library dir [/usr/lib/gcc/x86_64-linux-gnu/4.8/../../../x86_64-linux-gnu] ==> [/usr/lib/x86_64-linux-gnu]
  collapse library dir [/usr/lib/gcc/x86_64-linux-gnu/4.8/../../../../lib] ==> [/usr/lib]
  collapse library dir [/lib/x86_64-linux-gnu] ==> [/lib/x86_64-linux-gnu]
  collapse library dir [/lib/../lib] ==> [/lib]
  collapse library dir [/usr/lib/x86_64-linux-gnu] ==> [/usr/lib/x86_64-linux-gnu]
  collapse library dir [/usr/lib/../lib] ==> [/usr/lib]
  collapse library dir [/usr/lib/gcc/x86_64-linux-gnu/4.8/../../..] ==> [/usr/lib]
  implicit libs: [stdc++;m;c]
  implicit dirs: [/usr/lib/gcc/x86_64-linux-gnu/4.8;/usr/lib/x86_64-linux-gnu;/usr/lib;/lib/x86_64-linux-gnu;/lib]
  implicit fwks: []


Performing C++ SOURCE FILE Test CXX_HAS_FLAGS_WEXTRA succeded with the following output:
Change Dir: /home/data_nfs/cache-oblivious-vs-adaptive/merge-sort-STXXL/build/CMakeFiles/CMakeTmp

Run Build Command:/usr/bin/make "cmTryCompileExec729392930/fast"
/usr/bin/make -f CMakeFiles/cmTryCompileExec729392930.dir/build.make CMakeFiles/cmTryCompileExec729392930.dir/build
make[1]: Entering directory `/home/data_nfs/cache-oblivious-vs-adaptive/merge-sort-STXXL/build/CMakeFiles/CMakeTmp'
/usr/bin/cmake -E cmake_progress_report /home/data_nfs/cache-oblivious-vs-adaptive/merge-sort-STXXL/build/CMakeFiles/CMakeTmp/CMakeFiles 1
Building CXX object CMakeFiles/cmTryCompileExec729392930.dir/src.cxx.o
/usr/bin/c++    -W -Wall -pedantic -Wno-long-long  -DCXX_HAS_FLAGS_WEXTRA   -Wextra -o CMakeFiles/cmTryCompileExec729392930.dir/src.cxx.o -c /home/data_nfs/cache-oblivious-vs-adaptive/merge-sort-STXXL/build/CMakeFiles/CMakeTmp/src.cxx
Linking CXX executable cmTryCompileExec729392930
/usr/bin/cmake -E cmake_link_script CMakeFiles/cmTryCompileExec729392930.dir/link.txt --verbose=1
/usr/bin/c++     -W -Wall -pedantic -Wno-long-long  -DCXX_HAS_FLAGS_WEXTRA    CMakeFiles/cmTryCompileExec729392930.dir/src.cxx.o  -o cmTryCompileExec729392930 -rdynamic 
make[1]: Leaving directory `/home/data_nfs/cache-oblivious-vs-adaptive/merge-sort-STXXL/build/CMakeFiles/CMakeTmp'

Source file was:
int main() { return 0;}
Performing C++ SOURCE FILE Test CXX_HAS_TEMPLATE_DEPTH succeded with the following output:
Change Dir: /home/data_nfs/cache-oblivious-vs-adaptive/merge-sort-STXXL/build/CMakeFiles/CMakeTmp

Run Build Command:/usr/bin/make "cmTryCompileExec545158615/fast"
/usr/bin/make -f CMakeFiles/cmTryCompileExec545158615.dir/build.make CMakeFiles/cmTryCompileExec545158615.dir/build
make[1]: Entering directory `/home/data_nfs/cache-oblivious-vs-adaptive/merge-sort-STXXL/build/CMakeFiles/CMakeTmp'
/usr/bin/cmake -E cmake_progress_report /home/data_nfs/cache-oblivious-vs-adaptive/merge-sort-STXXL/build/CMakeFiles/CMakeTmp/CMakeFiles 1
Building CXX object CMakeFiles/cmTryCompileExec545158615.dir/src.cxx.o
/usr/bin/c++    -W -Wall -pedantic -Wno-long-long -Wextra  -DCXX_HAS_TEMPLATE_DEPTH   -ftemplate-depth=1024 -o CMakeFiles/cmTryCompileExec545158615.dir/src.cxx.o -c /home/data_nfs/cache-oblivious-vs-adaptive/merge-sort-STXXL/build/CMakeFiles/CMakeTmp/src.cxx
Linking CXX executable cmTryCompileExec545158615
/usr/bin/cmake -E cmake_link_script CMakeFiles/cmTryCompileExec545158615.dir/link.txt --verbose=1
/usr/bin/c++     -W -Wall -pedantic -Wno-long-long -Wextra  -DCXX_HAS_TEMPLATE_DEPTH    CMakeFiles/cmTryCompileExec545158615.dir/src.cxx.o  -o cmTryCompileExec545158615 -rdynamic 
make[1]: Leaving directory `/home/data_nfs/cache-oblivious-vs-adaptive/merge-sort-STXXL/build/CMakeFiles/CMakeTmp'

Source file was:
int main() { return 0;}
Performing C++ SOURCE FILE Test CXX_HAS_STD_CXX11 succeded with the following output:
Change Dir: /home/data_nfs/cache-oblivious-vs-adaptive/merge-sort-STXXL/build/CMakeFiles/CMakeTmp

Run Build Command:/usr/bin/make "cmTryCompileExec1566733247/fast"
/usr/bin/make -f CMakeFiles/cmTryCompileExec1566733247.dir/build.make CMakeFiles/cmTryCompileExec1566733247.dir/build
make[1]: Entering directory `/home/data_nfs/cache-oblivious-vs-adaptive/merge-sort-STXXL/build/CMakeFiles/CMakeTmp'
/usr/bin/cmake -E cmake_progress_report /home/data_nfs/cache-oblivious-vs-adaptive/merge-sort-STXXL/build/CMakeFiles/CMakeTmp/CMakeFiles 1
Building CXX object CMakeFiles/cmTryCompileExec1566733247.dir/src.cxx.o
/usr/bin/c++    -W -Wall -pedantic -Wno-long-long -Wextra -ftemplate-depth=1024  -DCXX_HAS_STD_CXX11   -std=c++11 -o CMakeFiles/cmTryCompileExec1566733247.dir/src.cxx.o -c /home/data_nfs/cache-oblivious-vs-adaptive/merge-sort-STXXL/build/CMakeFiles/CMakeTmp/src.cxx
Linking CXX executable cmTryCompileExec1566733247
/usr/bin/cmake -E cmake_link_script CMakeFiles/cmTryCompileExec1566733247.dir/link.txt --verbose=1
/usr/bin/c++     -W -Wall -pedantic -Wno-long-long -Wextra -ftemplate-depth=1024  -DCXX_HAS_STD_CXX11    CMakeFiles/cmTryCompileExec1566733247.dir/src.cxx.o  -o cmTryCompileExec1566733247 -rdynamic 
make[1]: Leaving directory `/home/data_nfs/cache-oblivious-vs-adaptive/merge-sort-STXXL/build/CMakeFiles/CMakeTmp'

Source file was:
int main() { return 0;}
Performing C++ SOURCE FILE Test STXXL_HAVE_CXX11_RANGE_FOR_LOOP succeded with the following output:
Change Dir: /home/data_nfs/cache-oblivious-vs-adaptive/merge-sort-STXXL/build/CMakeFiles/CMakeTmp

Run Build Command:/usr/bin/make "cmTryCompileExec3447234942/fast"
/usr/bin/make -f CMakeFiles/cmTryCompileExec3447234942.dir/build.make CMakeFiles/cmTryCompileExec3447234942.dir/build
make[1]: Entering directory `/home/data_nfs/cache-oblivious-vs-adaptive/merge-sort-STXXL/build/CMakeFiles/CMakeTmp'
/usr/bin/cmake -E cmake_progress_report /home/data_nfs/cache-oblivious-vs-adaptive/merge-sort-STXXL/build/CMakeFiles/CMakeTmp/CMakeFiles 1
Building CXX object CMakeFiles/cmTryCompileExec3447234942.dir/src.cxx.o
/usr/bin/c++    -W -Wall -pedantic -Wno-long-long -Wextra -ftemplate-depth=1024 -std=c++11  -DSTXXL_HAVE_CXX11_RANGE_FOR_LOOP   -o CMakeFiles/cmTryCompileExec3447234942.dir/src.cxx.o -c /home/data_nfs/cache-oblivious-vs-adaptive/merge-sort-STXXL/build/CMakeFiles/CMakeTmp/src.cxx
Linking CXX executable cmTryCompileExec3447234942
/usr/bin/cmake -E cmake_link_script CMakeFiles/cmTryCompileExec3447234942.dir/link.txt --verbose=1
/usr/bin/c++     -W -Wall -pedantic -Wno-long-long -Wextra -ftemplate-depth=1024 -std=c++11  -DSTXXL_HAVE_CXX11_RANGE_FOR_LOOP    CMakeFiles/cmTryCompileExec3447234942.dir/src.cxx.o  -o cmTryCompileExec3447234942 -rdynamic 
make[1]: Leaving directory `/home/data_nfs/cache-oblivious-vs-adaptive/merge-sort-STXXL/build/CMakeFiles/CMakeTmp'

Source file was:
#include <vector>
   int main() { std::vector<int> v(42); for (auto i : v) { ++i; } return 0; }
Determining if files pthread.h exist passed with the following output:
Change Dir: /home/data_nfs/cache-oblivious-vs-adaptive/merge-sort-STXXL/build/CMakeFiles/CMakeTmp

Run Build Command:/usr/bin/make "cmTryCompileExec3311501919/fast"
/usr/bin/make -f CMakeFiles/cmTryCompileExec3311501919.dir/build.make CMakeFiles/cmTryCompileExec3311501919.dir/build
make[1]: Entering directory `/home/data_nfs/cache-oblivious-vs-adaptive/merge-sort-STXXL/build/CMakeFiles/CMakeTmp'
/usr/bin/cmake -E cmake_progress_report /home/data_nfs/cache-oblivious-vs-adaptive/merge-sort-STXXL/build/CMakeFiles/CMakeTmp/CMakeFiles 1
Building C object CMakeFiles/cmTryCompileExec3311501919.dir/CheckIncludeFiles.c.o
/usr/bin/cc    -o CMakeFiles/cmTryCompileExec3311501919.dir/CheckIncludeFiles.c.o   -c /home/data_nfs/cache-oblivious-vs-adaptive/merge-sort-STXXL/build/CMakeFiles/CMakeTmp/CheckIncludeFiles.c
Linking C executable cmTryCompileExec3311501919
/usr/bin/cmake -E cmake_link_script CMakeFiles/cmTryCompileExec3311501919.dir/link.txt --verbose=1
/usr/bin/cc         CMakeFiles/cmTryCompileExec3311501919.dir/CheckIncludeFiles.c.o  -o cmTryCompileExec3311501919 -rdynamic 
make[1]: Leaving directory `/home/data_nfs/cache-oblivious-vs-adaptive/merge-sort-STXXL/build/CMakeFiles/CMakeTmp'


Determining if the function pthread_create exists in the pthread passed with the following output:
Change Dir: /home/data_nfs/cache-oblivious-vs-adaptive/merge-sort-STXXL/build/CMakeFiles/CMakeTmp

Run Build Command:/usr/bin/make "cmTryCompileExec418386708/fast"
/usr/bin/make -f CMakeFiles/cmTryCompileExec418386708.dir/build.make CMakeFiles/cmTryCompileExec418386708.dir/build
make[1]: Entering directory `/home/data_nfs/cache-oblivious-vs-adaptive/merge-sort-STXXL/build/CMakeFiles/CMakeTmp'
/usr/bin/cmake -E cmake_progress_report /home/data_nfs/cache-oblivious-vs-adaptive/merge-sort-STXXL/build/CMakeFiles/CMakeTmp/CMakeFiles 1
Building C object CMakeFiles/cmTryCompileExec418386708.dir/CheckFunctionExists.c.o
/usr/bin/cc   -DCHECK_FUNCTION_EXISTS=pthread_create   -o CMakeFiles/cmTryCompileExec418386708.dir/CheckFunctionExists.c.o   -c /usr/share/cmake-2.8/Modules/CheckFunctionExists.c
Linking C executable cmTryCompileExec418386708
/usr/bin/cmake -E cmake_link_script CMakeFiles/cmTryCompileExec418386708.dir/link.txt --verbose=1
/usr/bin/cc     -DCHECK_FUNCTION_EXISTS=pthread_create    CMakeFiles/cmTryCompileExec418386708.dir/CheckFunctionExists.c.o  -o cmTryCompileExec418386708 -rdynamic -lpthread 
make[1]: Leaving directory `/home/data_nfs/cache-oblivious-vs-adaptive/merge-sort-STXXL/build/CMakeFiles/CMakeTmp'


Performing C++ SOURCE FILE Test STXXL_HAVE_O_DIRECT succeded with the following output:
Change Dir: /home/data_nfs/cache-oblivious-vs-adaptive/merge-sort-STXXL/build/CMakeFiles/CMakeTmp

Run Build Command:/usr/bin/make "cmTryCompileExec2682249258/fast"
/usr/bin/make -f CMakeFiles/cmTryCompileExec2682249258.dir/build.make CMakeFiles/cmTryCompileExec2682249258.dir/build
make[1]: Entering directory `/home/data_nfs/cache-oblivious-vs-adaptive/merge-sort-STXXL/build/CMakeFiles/CMakeTmp'
/usr/bin/cmake -E cmake_progress_report /home/data_nfs/cache-oblivious-vs-adaptive/merge-sort-STXXL/build/CMakeFiles/CMakeTmp/CMakeFiles 1
Building CXX object CMakeFiles/cmTryCompileExec2682249258.dir/src.cxx.o
/usr/bin/c++    -W -Wall -pedantic -Wno-long-long -Wextra -ftemplate-depth=1024 -std=c++11  -DSTXXL_HAVE_O_DIRECT   -o CMakeFiles/cmTryCompileExec2682249258.dir/src.cxx.o -c /home/data_nfs/cache-oblivious-vs-adaptive/merge-sort-STXXL/build/CMakeFiles/CMakeTmp/src.cxx
/home/data_nfs/cache-oblivious-vs-adaptive/merge-sort-STXXL/build/CMakeFiles/CMakeTmp/src.cxx: In function ‘int main(int, char**)’:
/home/data_nfs/cache-oblivious-vs-adaptive/merge-sort-STXXL/build/CMakeFiles/CMakeTmp/src.cxx:4:5: warning: parameter ‘argc’ set but not used [-Wunused-but-set-parameter]
 int main(int argc, char * argv[]) { argc = O_DIRECT; }
     ^
/home/data_nfs/cache-oblivious-vs-adaptive/merge-sort-STXXL/build/CMakeFiles/CMakeTmp/src.cxx: At global scope:
/home/data_nfs/cache-oblivious-vs-adaptive/merge-sort-STXXL/build/CMakeFiles/CMakeTmp/src.cxx:4:5: warning: unused parameter ‘argv’ [-Wunused-parameter]
Linking CXX executable cmTryCompileExec2682249258
/usr/bin/cmake -E cmake_link_script CMakeFiles/cmTryCompileExec2682249258.dir/link.txt --verbose=1
/usr/bin/c++     -W -Wall -pedantic -Wno-long-long -Wextra -ftemplate-depth=1024 -std=c++11  -DSTXXL_HAVE_O_DIRECT    CMakeFiles/cmTryCompileExec2682249258.dir/src.cxx.o  -o cmTryCompileExec2682249258 -rdynamic 
make[1]: Leaving directory `/home/data_nfs/cache-oblivious-vs-adaptive/merge-sort-STXXL/build/CMakeFiles/CMakeTmp'

Source file was:

#include <unistd.h>
#include <fcntl.h>
int main(int argc, char * argv[]) { argc = O_DIRECT; }

Determining if the mmap exist passed with the following output:
Change Dir: /home/data_nfs/cache-oblivious-vs-adaptive/merge-sort-STXXL/build/CMakeFiles/CMakeTmp

Run Build Command:/usr/bin/make "cmTryCompileExec3057220309/fast"
/usr/bin/make -f CMakeFiles/cmTryCompileExec3057220309.dir/build.make CMakeFiles/cmTryCompileExec3057220309.dir/build
make[1]: Entering directory `/home/data_nfs/cache-oblivious-vs-adaptive/merge-sort-STXXL/build/CMakeFiles/CMakeTmp'
/usr/bin/cmake -E cmake_progress_report /home/data_nfs/cache-oblivious-vs-adaptive/merge-sort-STXXL/build/CMakeFiles/CMakeTmp/CMakeFiles 1
Building C object CMakeFiles/cmTryCompileExec3057220309.dir/CheckSymbolExists.c.o
/usr/bin/cc    -o CMakeFiles/cmTryCompileExec3057220309.dir/CheckSymbolExists.c.o   -c /home/data_nfs/cache-oblivious-vs-adaptive/merge-sort-STXXL/build/CMakeFiles/CMakeTmp/CheckSymbolExists.c
Linking C executable cmTryCompileExec3057220309
/usr/bin/cmake -E cmake_link_script CMakeFiles/cmTryCompileExec3057220309.dir/link.txt --verbose=1
/usr/bin/cc         CMakeFiles/cmTryCompileExec3057220309.dir/CheckSymbolExists.c.o  -o cmTryCompileExec3057220309 -rdynamic 
make[1]: Leaving directory `/home/data_nfs/cache-oblivious-vs-adaptive/merge-sort-STXXL/build/CMakeFiles/CMakeTmp'

File /home/data_nfs/cache-oblivious-vs-adaptive/merge-sort-STXXL/build/CMakeFiles/CMakeTmp/CheckSymbolExists.c:
/* */
#include <sys/mman.h>

int main(int argc, char** argv)
{
  (void)argv;
#ifndef mmap
  return ((int*)(&mmap))[argc];
#else
  (void)argc;
  return 0;
#endif
}

Performing C++ SOURCE FILE Test STXXL_HAVE_SYNC_ADD_AND_FETCH succeded with the following output:
Change Dir: /home/data_nfs/cache-oblivious-vs-adaptive/merge-sort-STXXL/build/CMakeFiles/CMakeTmp

Run Build Command:/usr/bin/make "cmTryCompileExec4005783113/fast"
/usr/bin/make -f CMakeFiles/cmTryCompileExec4005783113.dir/build.make CMakeFiles/cmTryCompileExec4005783113.dir/build
make[1]: Entering directory `/home/data_nfs/cache-oblivious-vs-adaptive/merge-sort-STXXL/build/CMakeFiles/CMakeTmp'
/usr/bin/cmake -E cmake_progress_report /home/data_nfs/cache-oblivious-vs-adaptive/merge-sort-STXXL/build/CMakeFiles/CMakeTmp/CMakeFiles 1
Building CXX object CMakeFiles/cmTryCompileExec4005783113.dir/src.cxx.o
/usr/bin/c++    -W -Wall -pedantic -Wno-long-long -Wextra -ftemplate-depth=1024 -std=c++11  -DSTXXL_HAVE_SYNC_ADD_AND_FETCH   -o CMakeFiles/cmTryCompileExec4005783113.dir/src.cxx.o -c /home/data_nfs/cache-oblivious-vs-adaptive/merge-sort-STXXL/build/CMakeFiles/CMakeTmp/src.cxx
Linking CXX executable cmTryCompileExec4005783113
/usr/bin/cmake -E cmake_link_script CMakeFiles/cmTryCompileExec4005783113.dir/link.txt --verbose=1
/usr/bin/c++     -W -Wall -pedantic -Wno-long-long -Wextra -ftemplate-depth=1024 -std=c++11  -DSTXXL_HAVE_SYNC_ADD_AND_FETCH    CMakeFiles/cmTryCompileExec4005783113.dir/src.cxx.o  -o cmTryCompileExec4005783113 -rdynamic 
make[1]: Leaving directory `/home/data_nfs/cache-oblivious-vs-adaptive/merge-sort-STXXL/build/CMakeFiles/CMakeTmp'

Source file was:
int main() { int x; __sync_add_and_fetch(&x, +1); return 0; }
Performing C SOURCE FILE Test OpenMP_FLAG_DETECTED succeded with the following output:
Change Dir: /home/data_nfs/cache-oblivious-vs-adaptive/merge-sort-STXXL/build/CMakeFiles/CMakeTmp

Run Build Command:/usr/bin/make "cmTryCompileExec3034531571/fast"
/usr/bin/make -f CMakeFiles/cmTryCompileExec3034531571.dir/build.make CMakeFiles/cmTryCompileExec3034531571.dir/build
make[1]: Entering directory `/home/data_nfs/cache-oblivious-vs-adaptive/merge-sort-STXXL/build/CMakeFiles/CMakeTmp'
/usr/bin/cmake -E cmake_progress_report /home/data_nfs/cache-oblivious-vs-adaptive/merge-sort-STXXL/build/CMakeFiles/CMakeTmp/CMakeFiles 1
Building C object CMakeFiles/cmTryCompileExec3034531571.dir/src.c.o
/usr/bin/cc   -DOpenMP_FLAG_DETECTED -fopenmp   -o CMakeFiles/cmTryCompileExec3034531571.dir/src.c.o   -c /home/data_nfs/cache-oblivious-vs-adaptive/merge-sort-STXXL/build/CMakeFiles/CMakeTmp/src.c
Linking C executable cmTryCompileExec3034531571
/usr/bin/cmake -E cmake_link_script CMakeFiles/cmTryCompileExec3034531571.dir/link.txt --verbose=1
/usr/bin/cc     -DOpenMP_FLAG_DETECTED -fopenmp    CMakeFiles/cmTryCompileExec3034531571.dir/src.c.o  -o cmTryCompileExec3034531571 -rdynamic 
make[1]: Leaving directory `/home/data_nfs/cache-oblivious-vs-adaptive/merge-sort-STXXL/build/CMakeFiles/CMakeTmp'

Source file was:

#include <omp.h>
int main() {
#ifdef _OPENMP
  return 0;
#else
  breaks_on_purpose
#endif
}

Performing C++ SOURCE FILE Test OpenMP_FLAG_DETECTED succeded with the following output:
Change Dir: /home/data_nfs/cache-oblivious-vs-adaptive/merge-sort-STXXL/build/CMakeFiles/CMakeTmp

Run Build Command:/usr/bin/make "cmTryCompileExec66457292/fast"
/usr/bin/make -f CMakeFiles/cmTryCompileExec66457292.dir/build.make CMakeFiles/cmTryCompileExec66457292.dir/build
make[1]: Entering directory `/home/data_nfs/cache-oblivious-vs-adaptive/merge-sort-STXXL/build/CMakeFiles/CMakeTmp'
/usr/bin/cmake -E cmake_progress_report /home/data_nfs/cache-oblivious-vs-adaptive/merge-sort-STXXL/build/CMakeFiles/CMakeTmp/CMakeFiles 1
Building CXX object CMakeFiles/cmTryCompileExec66457292.dir/src.cxx.o
/usr/bin/c++    -W -Wall -pedantic -Wno-long-long -Wextra -ftemplate-depth=1024 -std=c++11  -DOpenMP_FLAG_DETECTED -fopenmp   -o CMakeFiles/cmTryCompileExec66457292.dir/src.cxx.o -c /home/data_nfs/cache-oblivious-vs-adaptive/merge-sort-STXXL/build/CMakeFiles/CMakeTmp/src.cxx
Linking CXX executable cmTryCompileExec66457292
/usr/bin/cmake -E cmake_link_script CMakeFiles/cmTryCompileExec66457292.dir/link.txt --verbose=1
/usr/bin/c++     -W -Wall -pedantic -Wno-long-long -Wextra -ftemplate-depth=1024 -std=c++11  -DOpenMP_FLAG_DETECTED -fopenmp    CMakeFiles/cmTryCompileExec66457292.dir/src.cxx.o  -o cmTryCompileExec66457292 -rdynamic 
make[1]: Leaving directory `/home/data_nfs/cache-oblivious-vs-adaptive/merge-sort-STXXL/build/CMakeFiles/CMakeTmp'

Source file was:

#include <omp.h>
int main() {
#ifdef _OPENMP
  return 0;
#else
  breaks_on_purpose
#endif
}

Determining if the include file parallel/algorithm exists passed with the following output:
Change Dir: /home/data_nfs/cache-oblivious-vs-adaptive/merge-sort-STXXL/build/CMakeFiles/CMakeTmp

Run Build Command:/usr/bin/make "cmTryCompileExec1437146650/fast"
/usr/bin/make -f CMakeFiles/cmTryCompileExec1437146650.dir/build.make CMakeFiles/cmTryCompileExec1437146650.dir/build
make[1]: Entering directory `/home/data_nfs/cache-oblivious-vs-adaptive/merge-sort-STXXL/build/CMakeFiles/CMakeTmp'
/usr/bin/cmake -E cmake_progress_report /home/data_nfs/cache-oblivious-vs-adaptive/merge-sort-STXXL/build/CMakeFiles/CMakeTmp/CMakeFiles 1
Building CXX object CMakeFiles/cmTryCompileExec1437146650.dir/CheckIncludeFile.cxx.o
/usr/bin/c++    -W -Wall -pedantic -Wno-long-long -Wextra -ftemplate-depth=1024 -std=c++11     -o CMakeFiles/cmTryCompileExec1437146650.dir/CheckIncludeFile.cxx.o -c /home/data_nfs/cache-oblivious-vs-adaptive/merge-sort-STXXL/build/CMakeFiles/CMakeTmp/CheckIncludeFile.cxx
Linking CXX executable cmTryCompileExec1437146650
/usr/bin/cmake -E cmake_link_script CMakeFiles/cmTryCompileExec1437146650.dir/link.txt --verbose=1
/usr/bin/c++     -W -Wall -pedantic -Wno-long-long -Wextra -ftemplate-depth=1024 -std=c++11      CMakeFiles/cmTryCompileExec1437146650.dir/CheckIncludeFile.cxx.o  -o cmTryCompileExec1437146650 -rdynamic 
make[1]: Leaving directory `/home/data_nfs/cache-oblivious-vs-adaptive/merge-sort-STXXL/build/CMakeFiles/CMakeTmp'


Determining if the mallinfo exist passed with the following output:
Change Dir: /home/data_nfs/cache-oblivious-vs-adaptive/merge-sort-STXXL/build/CMakeFiles/CMakeTmp

Run Build Command:/usr/bin/make "cmTryCompileExec1494337137/fast"
/usr/bin/make -f CMakeFiles/cmTryCompileExec1494337137.dir/build.make CMakeFiles/cmTryCompileExec1494337137.dir/build
make[1]: Entering directory `/home/data_nfs/cache-oblivious-vs-adaptive/merge-sort-STXXL/build/CMakeFiles/CMakeTmp'
/usr/bin/cmake -E cmake_progress_report /home/data_nfs/cache-oblivious-vs-adaptive/merge-sort-STXXL/build/CMakeFiles/CMakeTmp/CMakeFiles 1
Building C object CMakeFiles/cmTryCompileExec1494337137.dir/CheckSymbolExists.c.o
/usr/bin/cc   -fopenmp     -o CMakeFiles/cmTryCompileExec1494337137.dir/CheckSymbolExists.c.o   -c /home/data_nfs/cache-oblivious-vs-adaptive/merge-sort-STXXL/build/CMakeFiles/CMakeTmp/CheckSymbolExists.c
Linking C executable cmTryCompileExec1494337137
/usr/bin/cmake -E cmake_link_script CMakeFiles/cmTryCompileExec1494337137.dir/link.txt --verbose=1
/usr/bin/cc    -fopenmp      CMakeFiles/cmTryCompileExec1494337137.dir/CheckSymbolExists.c.o  -o cmTryCompileExec1494337137 -rdynamic 
make[1]: Leaving directory `/home/data_nfs/cache-oblivious-vs-adaptive/merge-sort-STXXL/build/CMakeFiles/CMakeTmp'

File /home/data_nfs/cache-oblivious-vs-adaptive/merge-sort-STXXL/build/CMakeFiles/CMakeTmp/CheckSymbolExists.c:
/* */
#include <malloc.h>

int main(int argc, char** argv)
{
  (void)argv;
#ifndef mallinfo
  return ((int*)(&mallinfo))[argc];
#else
  (void)argc;
  return 0;
#endif
}

Determining if the mlock exist passed with the following output:
Change Dir: /home/data_nfs/cache-oblivious-vs-adaptive/merge-sort-STXXL/build/CMakeFiles/CMakeTmp

Run Build Command:/usr/bin/make "cmTryCompileExec527881352/fast"
/usr/bin/make -f CMakeFiles/cmTryCompileExec527881352.dir/build.make CMakeFiles/cmTryCompileExec527881352.dir/build
make[1]: Entering directory `/home/data_nfs/cache-oblivious-vs-adaptive/merge-sort-STXXL/build/CMakeFiles/CMakeTmp'
/usr/bin/cmake -E cmake_progress_report /home/data_nfs/cache-oblivious-vs-adaptive/merge-sort-STXXL/build/CMakeFiles/CMakeTmp/CMakeFiles 1
Building C object CMakeFiles/cmTryCompileExec527881352.dir/CheckSymbolExists.c.o
/usr/bin/cc   -fopenmp     -o CMakeFiles/cmTryCompileExec527881352.dir/CheckSymbolExists.c.o   -c /home/data_nfs/cache-oblivious-vs-adaptive/merge-sort-STXXL/build/CMakeFiles/CMakeTmp/CheckSymbolExists.c
Linking C executable cmTryCompileExec527881352
/usr/bin/cmake -E cmake_link_script CMakeFiles/cmTryCompileExec527881352.dir/link.txt --verbose=1
/usr/bin/cc    -fopenmp      CMakeFiles/cmTryCompileExec527881352.dir/CheckSymbolExists.c.o  -o cmTryCompileExec527881352 -rdynamic 
make[1]: Leaving directory `/home/data_nfs/cache-oblivious-vs-adaptive/merge-sort-STXXL/build/CMakeFiles/CMakeTmp'

File /home/data_nfs/cache-oblivious-vs-adaptive/merge-sort-STXXL/build/CMakeFiles/CMakeTmp/CheckSymbolExists.c:
/* */
#include <sys/mman.h>

int main(int argc, char** argv)
{
  (void)argv;
#ifndef mlock
  return ((int*)(&mlock))[argc];
#else
  (void)argc;
  return 0;
#endif
}

