Determining if the pthread_create exist failed with the following output:
Change Dir: /home/data_nfs/cache-oblivious-vs-adaptive/merge-sort-STXXL/build/CMakeFiles/CMakeTmp

Run Build Command:/usr/bin/make "cmTryCompileExec1070091181/fast"
/usr/bin/make -f CMakeFiles/cmTryCompileExec1070091181.dir/build.make CMakeFiles/cmTryCompileExec1070091181.dir/build
make[1]: Entering directory `/home/data_nfs/cache-oblivious-vs-adaptive/merge-sort-STXXL/build/CMakeFiles/CMakeTmp'
/usr/bin/cmake -E cmake_progress_report /home/data_nfs/cache-oblivious-vs-adaptive/merge-sort-STXXL/build/CMakeFiles/CMakeTmp/CMakeFiles 1
Building C object CMakeFiles/cmTryCompileExec1070091181.dir/CheckSymbolExists.c.o
/usr/bin/cc    -o CMakeFiles/cmTryCompileExec1070091181.dir/CheckSymbolExists.c.o   -c /home/data_nfs/cache-oblivious-vs-adaptive/merge-sort-STXXL/build/CMakeFiles/CMakeTmp/CheckSymbolExists.c
Linking C executable cmTryCompileExec1070091181
/usr/bin/cmake -E cmake_link_script CMakeFiles/cmTryCompileExec1070091181.dir/link.txt --verbose=1
/usr/bin/cc         CMakeFiles/cmTryCompileExec1070091181.dir/CheckSymbolExists.c.o  -o cmTryCompileExec1070091181 -rdynamic 
CMakeFiles/cmTryCompileExec1070091181.dir/CheckSymbolExists.c.o: In function `main':
CheckSymbolExists.c:(.text+0x16): undefined reference to `pthread_create'
collect2: error: ld returned 1 exit status
make[1]: *** [cmTryCompileExec1070091181] Error 1
make[1]: Leaving directory `/home/data_nfs/cache-oblivious-vs-adaptive/merge-sort-STXXL/build/CMakeFiles/CMakeTmp'
make: *** [cmTryCompileExec1070091181/fast] Error 2

File /home/data_nfs/cache-oblivious-vs-adaptive/merge-sort-STXXL/build/CMakeFiles/CMakeTmp/CheckSymbolExists.c:
/* */
#include <pthread.h>

int main(int argc, char** argv)
{
  (void)argv;
#ifndef pthread_create
  return ((int*)(&pthread_create))[argc];
#else
  (void)argc;
  return 0;
#endif
}

Determining if the function pthread_create exists in the pthreads failed with the following output:
Change Dir: /home/data_nfs/cache-oblivious-vs-adaptive/merge-sort-STXXL/build/CMakeFiles/CMakeTmp

Run Build Command:/usr/bin/make "cmTryCompileExec2888334453/fast"
/usr/bin/make -f CMakeFiles/cmTryCompileExec2888334453.dir/build.make CMakeFiles/cmTryCompileExec2888334453.dir/build
make[1]: Entering directory `/home/data_nfs/cache-oblivious-vs-adaptive/merge-sort-STXXL/build/CMakeFiles/CMakeTmp'
/usr/bin/cmake -E cmake_progress_report /home/data_nfs/cache-oblivious-vs-adaptive/merge-sort-STXXL/build/CMakeFiles/CMakeTmp/CMakeFiles 1
Building C object CMakeFiles/cmTryCompileExec2888334453.dir/CheckFunctionExists.c.o
/usr/bin/cc   -DCHECK_FUNCTION_EXISTS=pthread_create   -o CMakeFiles/cmTryCompileExec2888334453.dir/CheckFunctionExists.c.o   -c /usr/share/cmake-2.8/Modules/CheckFunctionExists.c
Linking C executable cmTryCompileExec2888334453
/usr/bin/cmake -E cmake_link_script CMakeFiles/cmTryCompileExec2888334453.dir/link.txt --verbose=1
/usr/bin/cc     -DCHECK_FUNCTION_EXISTS=pthread_create    CMakeFiles/cmTryCompileExec2888334453.dir/CheckFunctionExists.c.o  -o cmTryCompileExec2888334453 -rdynamic -lpthreads 
/usr/bin/ld: cannot find -lpthreads
collect2: error: ld returned 1 exit status
make[1]: *** [cmTryCompileExec2888334453] Error 1
make[1]: Leaving directory `/home/data_nfs/cache-oblivious-vs-adaptive/merge-sort-STXXL/build/CMakeFiles/CMakeTmp'
make: *** [cmTryCompileExec2888334453/fast] Error 2


