Determining if the pthread_create exist failed with the following output:
Change Dir: /home/abiyaz/cache/build/CMakeFiles/CMakeTmp

Run Build Command:"/usr/bin/make" "cmTC_7775c/fast"
/usr/bin/make -f CMakeFiles/cmTC_7775c.dir/build.make CMakeFiles/cmTC_7775c.dir/build
make[1]: Entering directory '/home/abiyaz/cache/build/CMakeFiles/CMakeTmp'
Building C object CMakeFiles/cmTC_7775c.dir/CheckSymbolExists.c.o
/usr/bin/cc    -o CMakeFiles/cmTC_7775c.dir/CheckSymbolExists.c.o   -c /home/abiyaz/cache/build/CMakeFiles/CMakeTmp/CheckSymbolExists.c
Linking C executable cmTC_7775c
/usr/bin/cmake -E cmake_link_script CMakeFiles/cmTC_7775c.dir/link.txt --verbose=1
/usr/bin/cc      -rdynamic CMakeFiles/cmTC_7775c.dir/CheckSymbolExists.c.o  -o cmTC_7775c 
CMakeFiles/cmTC_7775c.dir/CheckSymbolExists.c.o: In function `main':
CheckSymbolExists.c:(.text+0x1b): undefined reference to `pthread_create'
collect2: error: ld returned 1 exit status
CMakeFiles/cmTC_7775c.dir/build.make:97: recipe for target 'cmTC_7775c' failed
make[1]: *** [cmTC_7775c] Error 1
make[1]: Leaving directory '/home/abiyaz/cache/build/CMakeFiles/CMakeTmp'
Makefile:126: recipe for target 'cmTC_7775c/fast' failed
make: *** [cmTC_7775c/fast] Error 2

File /home/abiyaz/cache/build/CMakeFiles/CMakeTmp/CheckSymbolExists.c:
/* */
#include <pthread.h>

int main(int argc, char** argv)
{
  (void)argv;
#ifndef pthread_create
  return ((int*)(&pthread_create))[argc];
#else
  (void)argc;
  return 0;
#endif
}

Determining if the function pthread_create exists in the pthreads failed with the following output:
Change Dir: /home/abiyaz/cache/build/CMakeFiles/CMakeTmp

Run Build Command:"/usr/bin/make" "cmTC_30dda/fast"
/usr/bin/make -f CMakeFiles/cmTC_30dda.dir/build.make CMakeFiles/cmTC_30dda.dir/build
make[1]: Entering directory '/home/abiyaz/cache/build/CMakeFiles/CMakeTmp'
Building C object CMakeFiles/cmTC_30dda.dir/CheckFunctionExists.c.o
/usr/bin/cc   -DCHECK_FUNCTION_EXISTS=pthread_create   -o CMakeFiles/cmTC_30dda.dir/CheckFunctionExists.c.o   -c /usr/share/cmake-3.10/Modules/CheckFunctionExists.c
Linking C executable cmTC_30dda
/usr/bin/cmake -E cmake_link_script CMakeFiles/cmTC_30dda.dir/link.txt --verbose=1
/usr/bin/cc  -DCHECK_FUNCTION_EXISTS=pthread_create    -rdynamic CMakeFiles/cmTC_30dda.dir/CheckFunctionExists.c.o  -o cmTC_30dda -lpthreads 
/usr/bin/ld: cannot find -lpthreads
collect2: error: ld returned 1 exit status
CMakeFiles/cmTC_30dda.dir/build.make:97: recipe for target 'cmTC_30dda' failed
make[1]: *** [cmTC_30dda] Error 1
make[1]: Leaving directory '/home/abiyaz/cache/build/CMakeFiles/CMakeTmp'
Makefile:126: recipe for target 'cmTC_30dda/fast' failed
make: *** [cmTC_30dda/fast] Error 2


